<?xml version="1.0" encoding="UTF-8"?>
<testng-results skipped="0" failed="0" total="1" passed="1">
  <reporter-output>
  </reporter-output>
  <suite name="Suite" duration-ms="17240" started-at="2016-11-03T16:56:22Z" finished-at="2016-11-03T16:56:39Z">
    <groups>
    </groups>
    <test name="Test" duration-ms="17240" started-at="2016-11-03T16:56:22Z" finished-at="2016-11-03T16:56:39Z">
      <class name="com.maven.sample.NewTest">
        <test-method status="PASS" signature="beforeTest()[pri:0, instance:com.maven.sample.NewTest@590713ac]" name="beforeTest" is-config="true" duration-ms="15804" started-at="2016-11-03T09:56:22Z" finished-at="2016-11-03T09:56:38Z">
          <reporter-output>
          </reporter-output>
        </test-method> <!-- beforeTest -->
        <test-method status="PASS" signature="fo()[pri:0, instance:com.maven.sample.NewTest@590713ac]" name="fo" duration-ms="13" started-at="2016-11-03T09:56:38Z" finished-at="2016-11-03T09:56:38Z">
          <reporter-output>
          </reporter-output>
        </test-method> <!-- fo -->
        <test-method status="PASS" signature="afterTest()[pri:0, instance:com.maven.sample.NewTest@590713ac]" name="afterTest" is-config="true" duration-ms="1367" started-at="2016-11-03T09:56:38Z" finished-at="2016-11-03T09:56:39Z">
          <reporter-output>
          </reporter-output>
        </test-method> <!-- afterTest -->
      </class> <!-- com.maven.sample.NewTest -->
    </test> <!-- Test -->
  </suite> <!-- Suite -->
</testng-results>
